0 info it worked if it ends with ok
1 verbose cli [ '/usr/local/Cellar/node/7.0.0/bin/node',
1 verbose cli   '/Users/scott/local/bin/npm',
1 verbose cli   'install',
1 verbose cli   '--save-dev',
1 verbose cli   'awesome-typescript-loader',
1 verbose cli   'source-map-loade' ]
2 info using npm@1.3.7
3 info using node@v7.0.0
4 warn package.json generativePiece@1.0.0 No description
5 warn package.json generativePiece@1.0.0 No README data
6 warn package.json browser-resolve@1.11.2 No README data
7 warn package.json estraverse@4.2.0 No README data
8 warn package.json setimmediate@1.0.5 No README data
9 warn package.json indexof@0.0.1 No repository field.
10 verbose readDependencies using package.json deps
11 verbose cache add [ 'awesome-typescript-loader', null ]
12 verbose cache add name=undefined spec="awesome-typescript-loader" args=["awesome-typescript-loader",null]
13 verbose parsed url Url {
13 verbose parsed url   protocol: null,
13 verbose parsed url   slashes: null,
13 verbose parsed url   auth: null,
13 verbose parsed url   host: null,
13 verbose parsed url   port: null,
13 verbose parsed url   hostname: null,
13 verbose parsed url   hash: null,
13 verbose parsed url   search: null,
13 verbose parsed url   query: null,
13 verbose parsed url   pathname: 'awesome-typescript-loader',
13 verbose parsed url   path: 'awesome-typescript-loader',
13 verbose parsed url   href: 'awesome-typescript-loader' }
14 verbose cache add [ 'source-map-loade', null ]
15 verbose cache add name=undefined spec="source-map-loade" args=["source-map-loade",null]
16 verbose parsed url Url {
16 verbose parsed url   protocol: null,
16 verbose parsed url   slashes: null,
16 verbose parsed url   auth: null,
16 verbose parsed url   host: null,
16 verbose parsed url   port: null,
16 verbose parsed url   hostname: null,
16 verbose parsed url   hash: null,
16 verbose parsed url   search: null,
16 verbose parsed url   query: null,
16 verbose parsed url   pathname: 'source-map-loade',
16 verbose parsed url   path: 'source-map-loade',
16 verbose parsed url   href: 'source-map-loade' }
17 silly lockFile 864ec641-awesome-typescript-loader awesome-typescript-loader
18 verbose lock awesome-typescript-loader /Users/scott/.npm/864ec641-awesome-typescript-loader.lock
19 silly lockFile be56e0f0-source-map-loade source-map-loade
20 verbose lock source-map-loade /Users/scott/.npm/be56e0f0-source-map-loade.lock
21 silly lockFile be56e0f0-source-map-loade source-map-loade
22 silly lockFile be56e0f0-source-map-loade source-map-loade
23 silly lockFile 864ec641-awesome-typescript-loader awesome-typescript-loader
24 silly lockFile 864ec641-awesome-typescript-loader awesome-typescript-loader
25 verbose addNamed [ 'source-map-loade', '' ]
26 verbose addNamed [ null, '*' ]
27 silly lockFile 00ef09a4-source-map-loade source-map-loade@
28 verbose lock source-map-loade@ /Users/scott/.npm/00ef09a4-source-map-loade.lock
29 verbose addNamed [ 'awesome-typescript-loader', '' ]
30 verbose addNamed [ null, '*' ]
31 silly lockFile a158af47-awesome-typescript-loader awesome-typescript-loader@
32 verbose lock awesome-typescript-loader@ /Users/scott/.npm/a158af47-awesome-typescript-loader.lock
33 silly addNameRange { name: 'awesome-typescript-loader', range: '*', hasData: false }
34 silly addNameRange { name: 'source-map-loade', range: '*', hasData: false }
35 verbose url raw awesome-typescript-loader
36 verbose url resolving [ 'https://registry.npmjs.org/', './awesome-typescript-loader' ]
37 verbose url resolved https://registry.npmjs.org/awesome-typescript-loader
38 info trying registry request attempt 1 at 1:20:22 PM
39 http GET https://registry.npmjs.org/awesome-typescript-loader
40 verbose url raw source-map-loade
41 verbose url resolving [ 'https://registry.npmjs.org/', './source-map-loade' ]
42 verbose url resolved https://registry.npmjs.org/source-map-loade
43 info trying registry request attempt 1 at 1:20:23 PM
44 http GET https://registry.npmjs.org/source-map-loade
45 http 200 https://registry.npmjs.org/awesome-typescript-loader
46 silly registry.get cb [ 200,
46 silly registry.get   { server: 'nginx/1.10.1',
46 silly registry.get     'content-type': 'application/json',
46 silly registry.get     'last-modified': 'Fri, 13 Oct 2017 07:13:15 GMT',
46 silly registry.get     etag: '"59e0678b-54475"',
46 silly registry.get     'cache-control': 'max-age=300',
46 silly registry.get     'content-length': '345205',
46 silly registry.get     'accept-ranges': 'bytes',
46 silly registry.get     date: 'Tue, 31 Oct 2017 12:20:22 GMT',
46 silly registry.get     via: '1.1 varnish',
46 silly registry.get     age: '0',
46 silly registry.get     connection: 'close',
46 silly registry.get     'x-served-by': 'cache-bma7034-BMA',
46 silly registry.get     'x-cache': 'MISS',
46 silly registry.get     'x-cache-hits': '0',
46 silly registry.get     'x-timer': 'S1509452423.667448,VS0,VE112',
46 silly registry.get     vary: 'Accept-Encoding, Accept' } ]
47 silly addNameRange number 2 { name: 'awesome-typescript-loader', range: '*', hasData: true }
48 silly addNameRange versions [ 'awesome-typescript-loader',
48 silly addNameRange   [ '0.1.0',
48 silly addNameRange     '0.1.1',
48 silly addNameRange     '0.1.2',
48 silly addNameRange     '0.1.3',
48 silly addNameRange     '0.1.4',
48 silly addNameRange     '0.1.5',
48 silly addNameRange     '0.1.6',
48 silly addNameRange     '0.1.7',
48 silly addNameRange     '0.1.8',
48 silly addNameRange     '0.2.0',
48 silly addNameRange     '0.2.1',
48 silly addNameRange     '0.2.2',
48 silly addNameRange     '0.2.3',
48 silly addNameRange     '0.2.4',
48 silly addNameRange     '0.3.0-rc.0',
48 silly addNameRange     '0.3.0-rc.1',
48 silly addNameRange     '0.3.0-rc.2',
48 silly addNameRange     '0.3.0-rc.3',
48 silly addNameRange     '0.3.0-rc.4',
48 silly addNameRange     '0.3.0-rc.5',
48 silly addNameRange     '0.3.0',
48 silly addNameRange     '0.3.1',
48 silly addNameRange     '0.4.0-rc.0',
48 silly addNameRange     '0.4.0-rc.1',
48 silly addNameRange     '0.4.0-rc.2',
48 silly addNameRange     '0.5.2',
48 silly addNameRange     '0.5.3',
48 silly addNameRange     '0.5.4',
48 silly addNameRange     '0.6.0-rc.0',
48 silly addNameRange     '0.6.0-rc.1',
48 silly addNameRange     '0.6.0-rc.2',
48 silly addNameRange     '0.6.0-rc.3',
48 silly addNameRange     '0.6.0-rc.4',
48 silly addNameRange     '0.6.0-rc.5',
48 silly addNameRange     '0.6.0-rc.7',
48 silly addNameRange     '0.6.0-rc.8',
48 silly addNameRange     '0.6.0-rc.9',
48 silly addNameRange     '0.6.0-rc.10',
48 silly addNameRange     '0.6.0-rc.11',
48 silly addNameRange     '0.6.0-rc.12',
48 silly addNameRange     '0.6.0',
48 silly addNameRange     '0.7.0-rc.0',
48 silly addNameRange     '0.7.0-rc.1',
48 silly addNameRange     '0.7.0',
48 silly addNameRange     '0.7.1',
48 silly addNameRange     '0.8.0-rc.0',
48 silly addNameRange     '0.8.0',
48 silly addNameRange     '0.8.1',
48 silly addNameRange     '0.9.0',
48 silly addNameRange     '0.9.1',
48 silly addNameRange     '0.9.2',
48 silly addNameRange     '0.9.3',
48 silly addNameRange     '0.10.0',
48 silly addNameRange     '0.11.0-rc.0',
48 silly addNameRange     '0.11.0',
48 silly addNameRange     '0.11.1',
48 silly addNameRange     '0.11.2',
48 silly addNameRange     '0.11.3',
48 silly addNameRange     '0.12.0-rc.0',
48 silly addNameRange     '0.12.0-rc.2',
48 silly addNameRange     '0.12.0',
48 silly addNameRange     '0.13.0',
48 silly addNameRange     '0.13.1',
48 silly addNameRange     '0.14.0-rc.0',
48 silly addNameRange     '0.14.0-rc.1',
48 silly addNameRange     '0.14.0',
48 silly addNameRange     '0.14.1',
48 silly addNameRange     '0.15.0-rc.0',
48 silly addNameRange     '0.15.0-rc.1',
48 silly addNameRange     '0.14.2',
48 silly addNameRange     '0.15.0-rc.2',
48 silly addNameRange     '0.15.0',
48 silly addNameRange     '0.15.1',
48 silly addNameRange     '0.15.2',
48 silly addNameRange     '0.15.3',
48 silly addNameRange     '0.15.4',
48 silly addNameRange     '0.15.5',
48 silly addNameRange     '0.15.6',
48 silly addNameRange     '0.15.7',
48 silly addNameRange     '0.15.8',
48 silly addNameRange     '0.15.9',
48 silly addNameRange     '0.15.10',
48 silly addNameRange     '0.16.0-rc.0',
48 silly addNameRange     '0.16.0',
48 silly addNameRange     '0.16.1',
48 silly addNameRange     '0.16.2',
48 silly addNameRange     '0.17.0-rc.0',
48 silly addNameRange     '0.17.0-rc.1',
48 silly addNameRange     '0.17.0-rc.2',
48 silly addNameRange     '0.17.0-rc.3',
48 silly addNameRange     '0.17.0-rc.4',
48 silly addNameRange     '0.17.0-rc.5',
48 silly addNameRange     '0.17.0-rc.6',
48 silly addNameRange     '0.17.0-rc.7',
48 silly addNameRange     '0.17.0',
48 silly addNameRange     '0.18.0-rc.0',
48 silly addNameRange     '0.18.0',
48 silly addNameRange     '0.19.0',
48 silly addNameRange     '0.19.1',
48 silly addNameRange     '1.0.0',
48 silly addNameRange     ... 69 more items ] ]
49 verbose addNamed [ 'awesome-typescript-loader', '3.2.3' ]
50 verbose addNamed [ '3.2.3', '3.2.3' ]
51 silly lockFile 15825c6f-awesome-typescript-loader-3-2-3 awesome-typescript-loader@3.2.3
52 verbose lock awesome-typescript-loader@3.2.3 /Users/scott/.npm/15825c6f-awesome-typescript-loader-3-2-3.lock
53 silly lockFile 925a480f-some-typescript-loader-3-2-3-tgz https://registry.npmjs.org/awesome-typescript-loader/-/awesome-typescript-loader-3.2.3.tgz
54 verbose lock https://registry.npmjs.org/awesome-typescript-loader/-/awesome-typescript-loader-3.2.3.tgz /Users/scott/.npm/925a480f-some-typescript-loader-3-2-3-tgz.lock
55 verbose addRemoteTarball [ 'https://registry.npmjs.org/awesome-typescript-loader/-/awesome-typescript-loader-3.2.3.tgz',
55 verbose addRemoteTarball   'aa2119b7c808a031e2b28945b031450a8975367f' ]
56 info retry fetch attempt 1 at 1:20:23 PM
57 verbose fetch to= /var/folders/cf/zqqbjm6n5bj3yck3dx5qnb600000gn/T/npm-19726-s8GyrY44/1509452423868-0.8185759769835572/tmp.tgz
58 http GET https://registry.npmjs.org/awesome-typescript-loader/-/awesome-typescript-loader-3.2.3.tgz
59 http 404 https://registry.npmjs.org/source-map-loade
60 silly registry.get cb [ 404,
60 silly registry.get   { 'content-type': 'application/json',
60 silly registry.get     'cache-control': 'max-age=0',
60 silly registry.get     'content-length': '2',
60 silly registry.get     'accept-ranges': 'bytes',
60 silly registry.get     date: 'Tue, 31 Oct 2017 12:20:23 GMT',
60 silly registry.get     via: '1.1 varnish',
60 silly registry.get     age: '0',
60 silly registry.get     connection: 'close',
60 silly registry.get     'x-served-by': 'cache-bma7021-BMA',
60 silly registry.get     'x-cache': 'MISS',
60 silly registry.get     'x-cache-hits': '0',
60 silly registry.get     'x-timer': 'S1509452423.667160,VS0,VE810',
60 silly registry.get     vary: 'Accept-Encoding' } ]
61 silly addNameRange number 2 { name: 'source-map-loade', range: '*', hasData: true }
62 silly addNameRange versions [ undefined, [] ]
63 error TypeError: Cannot read property 'latest' of undefined
63 error     at next (/Users/scott/local/lib/node_modules/npm/lib/cache.js:687:35)
63 error     at /Users/scott/local/lib/node_modules/npm/lib/cache.js:675:5
63 error     at saved (/Users/scott/local/lib/node_modules/npm/node_modules/npm-registry-client/lib/get.js:142:7)
63 error     at /Users/scott/local/lib/node_modules/npm/node_modules/graceful-fs/polyfills.js:133:7
63 error     at FSReqWrap.oncomplete (fs.js:111:15)
64 error If you need help, you may report this log at:
64 error     <http://github.com/isaacs/npm/issues>
64 error or email it to:
64 error     <npm-@googlegroups.com>
65 error System Darwin 16.1.0
66 error command "/usr/local/Cellar/node/7.0.0/bin/node" "/Users/scott/local/bin/npm" "install" "--save-dev" "awesome-typescript-loader" "source-map-loade"
67 error cwd /Users/scott/dev/careOfGenerative
68 error node -v v7.0.0
69 error npm -v 1.3.7
70 verbose exit [ 1, true ]
